{"/Users/harshatatini/Desktop/TakeHomeTest/models/student.js": {"path":"/Users/harshatatini/Desktop/TakeHomeTest/models/student.js","statementMap":{"0":{"start":{"line":1,"column":17},"end":{"line":1,"column":36}},"1":{"start":{"line":2,"column":15},"end":{"line":2,"column":30}},"2":{"start":{"line":5,"column":22},"end":{"line":17,"column":2}},"3":{"start":{"line":20,"column":16},"end":{"line":20,"column":55}},"4":{"start":{"line":22,"column":0},"end":{"line":22,"column":25}}},"fnMap":{},"branchMap":{},"s":{"0":1,"1":1,"2":1,"3":1,"4":1},"f":{},"b":{},"_coverageSchema":"1a1c01bbd47fc00a2c39e90264f33305004495a9","hash":"0dbbb46111339ac193a10231b80846321b4a5d8f"}
}
